<?xml version="1.0" encoding="UTF-8"?>
<testsuite xmlns:xsi="http://www.w3.org/2001/XMLSchema-instance" xsi:noNamespaceSchemaLocation="https://maven.apache.org/surefire/maven-surefire-plugin/xsd/surefire-test-report-3.0.xsd" version="3.0" name="jankdb.JankDBTest" time="0.059" tests="33" errors="0" skipped="0" failures="0">
  <properties>
[...]
</properties>
  <testcase name="testRecordSerializesToStringCorrectly" classname="jankdb.JankDBTest" time="0.014"/>
  <testcase name="testRecordIgnoresEmptyFields" classname="jankdb.JankDBTest" time="0.001"/>
  <testcase name="testRecordCanBeCreatedFromMap" classname="jankdb.JankDBTest" time="0.0"/>
  <testcase name="testDBFileCanSetLabel" classname="jankdb.JankDBTest" time="0.001"/>
  <testcase name="testTableCanGetEmptyRecords" classname="jankdb.JankDBTest" time="0.001"/>
  <testcase name="testRecordHandlesTrailingSemicolonGracefully" classname="jankdb.JankDBTest" time="0.0"/>
  <testcase name="testDBFileStoresAccurately" classname="jankdb.JankDBTest" time="0.006"/>
  <testcase name="testTableCanGetSize" classname="jankdb.JankDBTest" time="0.001"/>
  <testcase name="testTableCanSave" classname="jankdb.JankDBTest" time="0.001"/>
  <testcase name="testDBFileHasFilePathIsValid" classname="jankdb.JankDBTest" time="0.001"/>
  <testcase name="testRecordCanBeCreatedEmpty" classname="jankdb.JankDBTest" time="0.0"/>
  <testcase name="testTableCanRemoveRecords" classname="jankdb.JankDBTest" time="0.0"/>
  <testcase name="testTableCanLoadAccurately" classname="jankdb.JankDBTest" time="0.0"/>
  <testcase name="testDBFileHasLabelIsValid" classname="jankdb.JankDBTest" time="0.0"/>
  <testcase name="testDBFileHasLabelConstructor" classname="jankdb.JankDBTest" time="0.001"/>
  <testcase name="testTableConstructs" classname="jankdb.JankDBTest" time="0.001"/>
  <testcase name="testRecordSerializationIsReversible" classname="jankdb.JankDBTest" time="0.0"/>
  <testcase name="testRecordDeserializesFromString" classname="jankdb.JankDBTest" time="0.001"/>
  <testcase name="testDBFileaHasData" classname="jankdb.JankDBTest" time="0.001"/>
  <testcase name="testDBFileCanSetFilePath" classname="jankdb.JankDBTest" time="0.0"/>
  <testcase name="testTableCanAddRecord" classname="jankdb.JankDBTest" time="0.0"/>
  <testcase name="testTableFindByNonexistentKeyReturnsEmpty" classname="jankdb.JankDBTest" time="0.001"/>
  <testcase name="testDBFileHasFullFilePathIsValid" classname="jankdb.JankDBTest" time="0.0"/>
  <testcase name="testTableCanUpdateRecord" classname="jankdb.JankDBTest" time="0.0"/>
  <testcase name="testTableFindByKeyWithNoMatchReturnsEmpty" classname="jankdb.JankDBTest" time="0.0"/>
  <testcase name="testTableCanFindByKey" classname="jankdb.JankDBTest" time="0.001"/>
  <testcase name="testDBFileaCanAddData" classname="jankdb.JankDBTest" time="0.0"/>
  <testcase name="testTableCanSaveAccurately" classname="jankdb.JankDBTest" time="0.0"/>
  <testcase name="testTableUpdateOutOfBoundsDoesNothing" classname="jankdb.JankDBTest" time="0.0"/>
  <testcase name="testDBFileCanStoreFile" classname="jankdb.JankDBTest" time="0.001"/>
  <testcase name="testDBFileCanDeleteData" classname="jankdb.JankDBTest" time="0.001"/>
  <testcase name="testDBFileExists" classname="jankdb.JankDBTest" time="0.0"/>
  <testcase name="testDBFileHasFilePathConstructor" classname="jankdb.JankDBTest" time="0.0"/>
</testsuite>